MiniProjet-Android/app/build/intermediates/manifest_merge_blame_file/debug/manifest-merger-blame-debug-report.txt
1<?xml version="1.0" encoding="utf-8"?>
2<manifest xmlns:android="http://schemas.android.com/apk/res/android"
3    package="com.example.front"
4    android:versionCode="1"
5    android:versionName="1.0" >
6
7    <uses-sdk
8        android:minSdkVersion="21"
8-->src/main/AndroidManifest.xml
9        android:targetSdkVersion="31" />
9-->src/main/AndroidManifest.xml
10
11    <uses-permission android:name="android.permission.INTERNET" />
11-->src/main/AndroidManifest.xml:5:5-67
11-->src/main/AndroidManifest.xml:5:22-64
12
<<<<<<< HEAD
13    <uses-feature
13-->[com.mapbox.maps:android-core:10.16.2] AndroidManifest.xml:10:5-12:35
14        android:glEsVersion="0x00020000"
14-->[com.mapbox.maps:android-core:10.16.2] AndroidManifest.xml:11:9-41
15        android:required="true" />
15-->[com.mapbox.maps:android-core:10.16.2] AndroidManifest.xml:12:9-32
16    <uses-feature
16-->[com.mapbox.maps:android-core:10.16.2] AndroidManifest.xml:13:5-15:36
17        android:name="android.hardware.wifi"
17-->[com.mapbox.maps:android-core:10.16.2] AndroidManifest.xml:14:9-45
18        android:required="false" />
18-->[com.mapbox.maps:android-core:10.16.2] AndroidManifest.xml:15:9-33
19
20    <uses-permission android:name="android.permission.ACCESS_NETWORK_STATE" />
20-->[com.mapbox.maps:android-core:10.16.2] AndroidManifest.xml:18:5-79
20-->[com.mapbox.maps:android-core:10.16.2] AndroidManifest.xml:18:22-76
21    <uses-permission android:name="android.permission.ACCESS_WIFI_STATE" />
21-->[com.mapbox.maps:android-core:10.16.2] AndroidManifest.xml:19:5-76
21-->[com.mapbox.maps:android-core:10.16.2] AndroidManifest.xml:19:22-73
22
23    <permission
23-->[androidx.core:core:1.9.0] AndroidManifest.xml:22:5-24:47
24        android:name="com.example.front.DYNAMIC_RECEIVER_NOT_EXPORTED_PERMISSION"
24-->[androidx.core:core:1.9.0] AndroidManifest.xml:23:9-81
25        android:protectionLevel="signature" />
25-->[androidx.core:core:1.9.0] AndroidManifest.xml:24:9-44
26
27    <uses-permission android:name="com.example.front.DYNAMIC_RECEIVER_NOT_EXPORTED_PERMISSION" />
27-->[androidx.core:core:1.9.0] AndroidManifest.xml:26:5-97
27-->[androidx.core:core:1.9.0] AndroidManifest.xml:26:22-94
28    <uses-permission android:name="android.permission.CAMERA" /> <!-- Don't require camera, as this requires a rear camera. This allows it to work on the Nexus 7 -->
28-->[com.journeyapps:zxing-android-embedded:4.0.0] AndroidManifest.xml:22:5-65
28-->[com.journeyapps:zxing-android-embedded:4.0.0] AndroidManifest.xml:22:22-62
29    <uses-feature
29-->[com.journeyapps:zxing-android-embedded:4.0.0] AndroidManifest.xml:25:5-27:36
30        android:name="android.hardware.camera"
30-->[com.journeyapps:zxing-android-embedded:4.0.0] AndroidManifest.xml:26:9-47
31        android:required="false" />
31-->[com.journeyapps:zxing-android-embedded:4.0.0] AndroidManifest.xml:27:9-33
32    <uses-feature
32-->[com.journeyapps:zxing-android-embedded:4.0.0] AndroidManifest.xml:28:5-30:36
33        android:name="android.hardware.camera.front"
33-->[com.journeyapps:zxing-android-embedded:4.0.0] AndroidManifest.xml:29:9-53
34        android:required="false" /> <!-- TODO replace above two with next line after Android 4.2 -->
34-->[com.journeyapps:zxing-android-embedded:4.0.0] AndroidManifest.xml:30:9-33
35    <!-- <uses-feature android:name="android.hardware.camera.any"/> -->
36    <uses-feature
36-->[com.journeyapps:zxing-android-embedded:4.0.0] AndroidManifest.xml:33:5-35:36
37        android:name="android.hardware.camera.autofocus"
37-->[com.journeyapps:zxing-android-embedded:4.0.0] AndroidManifest.xml:34:9-57
38        android:required="false" />
38-->[com.journeyapps:zxing-android-embedded:4.0.0] AndroidManifest.xml:35:9-33
39    <uses-feature
39-->[com.journeyapps:zxing-android-embedded:4.0.0] AndroidManifest.xml:36:5-38:36
40        android:name="android.hardware.camera.flash"
40-->[com.journeyapps:zxing-android-embedded:4.0.0] AndroidManifest.xml:37:9-53
41        android:required="false" />
41-->[com.journeyapps:zxing-android-embedded:4.0.0] AndroidManifest.xml:38:9-33
42    <uses-feature
42-->[com.journeyapps:zxing-android-embedded:4.0.0] AndroidManifest.xml:39:5-41:36
43        android:name="android.hardware.screen.landscape"
43-->[com.journeyapps:zxing-android-embedded:4.0.0] AndroidManifest.xml:40:9-57
44        android:required="false" />
44-->[com.journeyapps:zxing-android-embedded:4.0.0] AndroidManifest.xml:41:9-33
45
46    <application
46-->src/main/AndroidManifest.xml:7:5-32:19
47        android:appComponentFactory="androidx.core.app.CoreComponentFactory"
47-->[androidx.core:core:1.9.0] AndroidManifest.xml:28:18-86
48        android:debuggable="true"
49        android:extractNativeLibs="false"
50        android:fontFamily="@font/milkyniceclean"
50-->src/main/AndroidManifest.xml:8:9-50
51        android:icon="@drawable/ic"
51-->src/main/AndroidManifest.xml:9:9-36
52        android:label="@string/app_name"
52-->src/main/AndroidManifest.xml:10:9-41
53        android:roundIcon="@mipmap/ic_launcher"
53-->src/main/AndroidManifest.xml:11:9-48
54        android:supportsRtl="true"
54-->src/main/AndroidManifest.xml:12:9-35
55        android:testOnly="true"
56        android:theme="@style/Theme.Front"
56-->src/main/AndroidManifest.xml:13:9-43
57        android:usesCleartextTraffic="true" >
57-->src/main/AndroidManifest.xml:14:9-44
58        <activity
58-->src/main/AndroidManifest.xml:16:9-18:40
59            android:name="com.example.front.DetailsActivity"
59-->src/main/AndroidManifest.xml:17:13-44
60            android:exported="false" />
60-->src/main/AndroidManifest.xml:18:13-37
61        <activity
61-->src/main/AndroidManifest.xml:19:9-21:40
62            android:name="com.example.front.menuClient"
62-->src/main/AndroidManifest.xml:20:13-39
63            android:exported="false" />
63-->src/main/AndroidManifest.xml:21:13-37
64        <activity
64-->src/main/AndroidManifest.xml:23:9-31:20
65            android:name="com.example.front.MainActivity"
65-->src/main/AndroidManifest.xml:24:13-41
66            android:exported="true" >
66-->src/main/AndroidManifest.xml:25:13-36
67            <intent-filter>
67-->src/main/AndroidManifest.xml:26:13-30:29
68                <action android:name="android.intent.action.MAIN" />
68-->src/main/AndroidManifest.xml:27:17-69
68-->src/main/AndroidManifest.xml:27:25-66
69
70                <category android:name="android.intent.category.LAUNCHER" />
70-->src/main/AndroidManifest.xml:29:17-77
70-->src/main/AndroidManifest.xml:29:27-74
71            </intent-filter>
72        </activity>
73
74        <provider
74-->[com.mapbox.search:mapbox-search-android:1.0.0-rc.7] AndroidManifest.xml:13:9-21:20
75            android:name="androidx.startup.InitializationProvider"
75-->[com.mapbox.search:mapbox-search-android:1.0.0-rc.7] AndroidManifest.xml:14:13-67
76            android:authorities="com.example.front.androidx-startup"
76-->[com.mapbox.search:mapbox-search-android:1.0.0-rc.7] AndroidManifest.xml:15:13-68
77            android:exported="false" >
77-->[com.mapbox.search:mapbox-search-android:1.0.0-rc.7] AndroidManifest.xml:16:13-37
78            <meta-data
78-->[com.mapbox.search:mapbox-search-android:1.0.0-rc.7] AndroidManifest.xml:18:13-20:52
79                android:name="com.mapbox.search.MapboxSearchSdkInitializer"
79-->[com.mapbox.search:mapbox-search-android:1.0.0-rc.7] AndroidManifest.xml:19:17-76
80                android:value="androidx.startup" />
80-->[com.mapbox.search:mapbox-search-android:1.0.0-rc.7] AndroidManifest.xml:20:17-49
81            <meta-data
81-->[com.mapbox.search:base:1.0.0-rc.7] AndroidManifest.xml:18:13-20:52
82                android:name="com.mapbox.search.base.BaseSearchSdkInitializer"
82-->[com.mapbox.search:base:1.0.0-rc.7] AndroidManifest.xml:19:17-79
83                android:value="androidx.startup" />
83-->[com.mapbox.search:base:1.0.0-rc.7] AndroidManifest.xml:20:17-49
84            <meta-data
84-->[com.mapbox.maps:android-core:10.16.2] AndroidManifest.xml:27:13-29:52
85                android:name="com.mapbox.maps.loader.MapboxMapsInitializer"
85-->[com.mapbox.maps:android-core:10.16.2] AndroidManifest.xml:28:17-76
86                android:value="androidx.startup" /> <!-- This entry makes MapboxSDKCommonInitializer discoverable. -->
86-->[com.mapbox.maps:android-core:10.16.2] AndroidManifest.xml:29:17-49
87            <meta-data
87-->[com.mapbox.common:common:23.8.4] AndroidManifest.xml:21:13-23:52
88                android:name="com.mapbox.common.MapboxSDKCommonInitializer"
88-->[com.mapbox.common:common:23.8.4] AndroidManifest.xml:22:17-76
89                android:value="androidx.startup" />
89-->[com.mapbox.common:common:23.8.4] AndroidManifest.xml:23:17-49
90            <meta-data
90-->[androidx.emoji2:emoji2:1.2.0] AndroidManifest.xml:29:13-31:52
91                android:name="androidx.emoji2.text.EmojiCompatInitializer"
91-->[androidx.emoji2:emoji2:1.2.0] AndroidManifest.xml:30:17-75
92                android:value="androidx.startup" />
92-->[androidx.emoji2:emoji2:1.2.0] AndroidManifest.xml:31:17-49
93            <meta-data
93-->[androidx.lifecycle:lifecycle-process:2.4.1] AndroidManifest.xml:31:13-33:52
94                android:name="androidx.lifecycle.ProcessLifecycleInitializer"
94-->[androidx.lifecycle:lifecycle-process:2.4.1] AndroidManifest.xml:32:17-78
95                android:value="androidx.startup" />
95-->[androidx.lifecycle:lifecycle-process:2.4.1] AndroidManifest.xml:33:17-49
96        </provider>
97
98        <receiver
98-->[com.mapbox.common:common:23.8.4] AndroidManifest.xml:26:9-33:20
99            android:name="com.mapbox.common.location.LocationUpdatesReceiver"
99-->[com.mapbox.common:common:23.8.4] AndroidManifest.xml:27:13-78
100            android:enabled="true"
100-->[com.mapbox.common:common:23.8.4] AndroidManifest.xml:28:13-35
101            android:exported="false" >
101-->[com.mapbox.common:common:23.8.4] AndroidManifest.xml:29:13-37
102            <intent-filter>
102-->[com.mapbox.common:common:23.8.4] AndroidManifest.xml:30:13-32:29
103                <action android:name="com.mapbox.common.location.LocationUpdatesReceiver.ACTION_PROCESS_LOCATION_UPDATES" />
103-->[com.mapbox.common:common:23.8.4] AndroidManifest.xml:31:17-125
103-->[com.mapbox.common:common:23.8.4] AndroidManifest.xml:31:25-122
104            </intent-filter>
105        </receiver>
106
107        <service
107-->[com.mapbox.common:common:23.8.4] AndroidManifest.xml:35:9-37:40
108            android:name="com.mapbox.common.LifecycleService"
108-->[com.mapbox.common:common:23.8.4] AndroidManifest.xml:36:13-62
109            android:exported="false" />
109-->[com.mapbox.common:common:23.8.4] AndroidManifest.xml:37:13-37
110
111        <activity
111-->[com.google.android.gms:play-services-base:18.1.0] AndroidManifest.xml:20:9-22:45
112            android:name="com.google.android.gms.common.api.GoogleApiActivity"
112-->[com.google.android.gms:play-services-base:18.1.0] AndroidManifest.xml:20:19-85
113            android:exported="false"
113-->[com.google.android.gms:play-services-base:18.1.0] AndroidManifest.xml:22:19-43
114            android:theme="@android:style/Theme.Translucent.NoTitleBar" />
114-->[com.google.android.gms:play-services-base:18.1.0] AndroidManifest.xml:21:19-78
115
116        <meta-data
116-->[com.google.android.gms:play-services-basement:18.1.0] AndroidManifest.xml:21:9-23:69
117            android:name="com.google.android.gms.version"
117-->[com.google.android.gms:play-services-basement:18.1.0] AndroidManifest.xml:22:13-58
118            android:value="@integer/google_play_services_version" />
118-->[com.google.android.gms:play-services-basement:18.1.0] AndroidManifest.xml:23:13-66
119
120        <provider
120-->[com.squareup.picasso:picasso:2.8] AndroidManifest.xml:8:9-11:40
121            android:name="com.squareup.picasso.PicassoProvider"
121-->[com.squareup.picasso:picasso:2.8] AndroidManifest.xml:9:13-64
122            android:authorities="com.example.front.com.squareup.picasso"
122-->[com.squareup.picasso:picasso:2.8] AndroidManifest.xml:10:13-72
123            android:exported="false" />
123-->[com.squareup.picasso:picasso:2.8] AndroidManifest.xml:11:13-37
124
125        <activity
125-->[com.journeyapps:zxing-android-embedded:4.0.0] AndroidManifest.xml:47:9-53:63
126            android:name="com.journeyapps.barcodescanner.CaptureActivity"
126-->[com.journeyapps:zxing-android-embedded:4.0.0] AndroidManifest.xml:48:13-74
127            android:clearTaskOnLaunch="true"
127-->[com.journeyapps:zxing-android-embedded:4.0.0] AndroidManifest.xml:49:13-45
128            android:screenOrientation="sensorLandscape"
128-->[com.journeyapps:zxing-android-embedded:4.0.0] AndroidManifest.xml:50:13-56
129            android:stateNotNeeded="true"
129-->[com.journeyapps:zxing-android-embedded:4.0.0] AndroidManifest.xml:51:13-42
130            android:theme="@style/zxing_CaptureTheme"
130-->[com.journeyapps:zxing-android-embedded:4.0.0] AndroidManifest.xml:52:13-54
131            android:windowSoftInputMode="stateAlwaysHidden" />
131-->[com.journeyapps:zxing-android-embedded:4.0.0] AndroidManifest.xml:53:13-60
132    </application>
133
134</manifest>
=======
13    <application
13-->src/main/AndroidManifest.xml:7:5-32:19
14        android:appComponentFactory="androidx.core.app.CoreComponentFactory"
14-->[androidx.core:core:1.7.0] AndroidManifest.xml:24:18-86
15        android:debuggable="true"
16        android:fontFamily="@font/milkyniceclean"
16-->src/main/AndroidManifest.xml:8:9-50
17        android:icon="@drawable/ic"
17-->src/main/AndroidManifest.xml:9:9-36
18        android:label="@string/app_name"
18-->src/main/AndroidManifest.xml:10:9-41
19        android:roundIcon="@mipmap/ic_launcher"
19-->src/main/AndroidManifest.xml:11:9-48
20        android:supportsRtl="true"
20-->src/main/AndroidManifest.xml:12:9-35
21        android:testOnly="true"
22        android:theme="@style/Theme.Front"
22-->src/main/AndroidManifest.xml:13:9-43
23        android:usesCleartextTraffic="true" >
23-->src/main/AndroidManifest.xml:14:9-44
24        <activity
24-->src/main/AndroidManifest.xml:16:9-18:40
25            android:name="com.example.front.DetailsActivity"
25-->src/main/AndroidManifest.xml:17:13-44
26            android:exported="false" />
26-->src/main/AndroidManifest.xml:18:13-37
27        <activity
27-->src/main/AndroidManifest.xml:19:9-21:40
28            android:name="com.example.front.menuClient"
28-->src/main/AndroidManifest.xml:20:13-39
29            android:exported="false" />
29-->src/main/AndroidManifest.xml:21:13-37
30        <activity
30-->src/main/AndroidManifest.xml:23:9-31:20
31            android:name="com.example.front.MainActivity"
31-->src/main/AndroidManifest.xml:24:13-41
32            android:exported="true" >
32-->src/main/AndroidManifest.xml:25:13-36
33            <intent-filter>
33-->src/main/AndroidManifest.xml:26:13-30:29
34                <action android:name="android.intent.action.MAIN" />
34-->src/main/AndroidManifest.xml:27:17-69
34-->src/main/AndroidManifest.xml:27:25-66
35
36                <category android:name="android.intent.category.LAUNCHER" />
36-->src/main/AndroidManifest.xml:29:17-77
36-->src/main/AndroidManifest.xml:29:27-74
37            </intent-filter>
38        </activity>
39
40        <provider
40-->[androidx.emoji2:emoji2:1.0.0] AndroidManifest.xml:26:9-34:20
41            android:name="androidx.startup.InitializationProvider"
41-->[androidx.emoji2:emoji2:1.0.0] AndroidManifest.xml:27:13-67
42            android:authorities="com.example.front.androidx-startup"
42-->[androidx.emoji2:emoji2:1.0.0] AndroidManifest.xml:28:13-68
43            android:exported="false" >
43-->[androidx.emoji2:emoji2:1.0.0] AndroidManifest.xml:29:13-37
44            <meta-data
44-->[androidx.emoji2:emoji2:1.0.0] AndroidManifest.xml:31:13-33:52
45                android:name="androidx.emoji2.text.EmojiCompatInitializer"
45-->[androidx.emoji2:emoji2:1.0.0] AndroidManifest.xml:32:17-75
46                android:value="androidx.startup" />
46-->[androidx.emoji2:emoji2:1.0.0] AndroidManifest.xml:33:17-49
47            <meta-data
47-->[androidx.lifecycle:lifecycle-process:2.4.0] AndroidManifest.xml:31:13-33:52
48                android:name="androidx.lifecycle.ProcessLifecycleInitializer"
48-->[androidx.lifecycle:lifecycle-process:2.4.0] AndroidManifest.xml:32:17-78
49                android:value="androidx.startup" />
49-->[androidx.lifecycle:lifecycle-process:2.4.0] AndroidManifest.xml:33:17-49
50        </provider>
51        <provider
51-->[com.squareup.picasso:picasso:2.8] AndroidManifest.xml:8:9-11:40
52            android:name="com.squareup.picasso.PicassoProvider"
52-->[com.squareup.picasso:picasso:2.8] AndroidManifest.xml:9:13-64
53            android:authorities="com.example.front.com.squareup.picasso"
53-->[com.squareup.picasso:picasso:2.8] AndroidManifest.xml:10:13-72
54            android:exported="false" />
54-->[com.squareup.picasso:picasso:2.8] AndroidManifest.xml:11:13-37
55    </application>
56
57</manifest>
>>>>>>> parent of d9a8cf72 (Scan qr code + autorisation)